Using pre-set license
Built from '2020.3/staging' branch; Version is '2020.3.8f1 (507919d4fff5) revision 5273881'; Using compiler version '192528614'; Build Type 'Release'
OS: 'Windows 10 Home; OS build 22000.978; Version 2009; 64bit' Language: 'it' Physical Memory: 16205 MB
BatchMode: 1, IsHumanControllingUs: 0, StartBugReporterOnCrash: 0, Is64bit: 1, IsPro: 0

 COMMAND LINE ARGUMENTS:
C:\Program Files\Unity\Hub\Editor\2020.3.8f1\Editor\Unity.exe
-adb2
-batchMode
-noUpm
-name
AssetImportWorker0
-projectPath
C:/Users/andre/Documents/Tesi/Tesi_VR
-logFile
Logs/AssetImportWorker0.log
-srvPort
55074
Successfully changed project path to: C:/Users/andre/Documents/Tesi/Tesi_VR
C:/Users/andre/Documents/Tesi/Tesi_VR
Using Asset Import Pipeline V2.
Refreshing native plugins compatible for Editor in 42.35 ms, found 9 plugins.
Preloading 2 native plugins for Editor in 1.29 ms.
Initialize engine version: 2020.3.8f1 (507919d4fff5)
[Subsystems] Discovering subsystems at path C:/Program Files/Unity/Hub/Editor/2020.3.8f1/Editor/Data/Resources/UnitySubsystems
[Subsystems] Discovering subsystems at path C:/Users/andre/Documents/Tesi/Tesi_VR/Assets
GfxDevice: creating device client; threaded=0
Direct3D:
    Version:  Direct3D 11.0 [level 11.1]
    Renderer: NVIDIA GeForce RTX 3060 Laptop GPU (ID=0x2520)
    Vendor:   
    VRAM:     6023 MB
    Driver:   31.0.15.1694
Initialize mono
Mono path[0] = 'C:/Program Files/Unity/Hub/Editor/2020.3.8f1/Editor/Data/Managed'
Mono path[1] = 'C:/Program Files/Unity/Hub/Editor/2020.3.8f1/Editor/Data/MonoBleedingEdge/lib/mono/unityjit'
Mono config path = 'C:/Program Files/Unity/Hub/Editor/2020.3.8f1/Editor/Data/MonoBleedingEdge/etc'
Using monoOptions --debugger-agent=transport=dt_socket,embedding=1,server=y,suspend=n,address=127.0.0.1:56992
Begin MonoManager ReloadAssembly
Registering precompiled unity dll's ...
Register platform support module: C:/Program Files/Unity/Hub/Editor/2020.3.8f1/Editor/Data/PlaybackEngines/WebGLSupport/UnityEditor.WebGL.Extensions.dll
Register platform support module: C:/Program Files/Unity/Hub/Editor/2020.3.8f1/Editor/Data/PlaybackEngines/MacStandaloneSupport/UnityEditor.OSXStandalone.Extensions.dll
Register platform support module: C:/Program Files/Unity/Hub/Editor/2020.3.8f1/Editor/Data/PlaybackEngines/WindowsStandaloneSupport/UnityEditor.WindowsStandalone.Extensions.dll
Registered in 0.001815 seconds.
Native extension for WindowsStandalone target not found
Native extension for OSXStandalone target not found
Native extension for WebGL target not found
Refreshing native plugins compatible for Editor in 32.47 ms, found 9 plugins.
Preloading 2 native plugins for Editor in 0.13 ms.
Mono: successfully reloaded assembly
- Completed reload, in  1.161 seconds
Platform modules already initialized, skipping
Registering precompiled user dll's ...
Registered in 0.003881 seconds.
Begin MonoManager ReloadAssembly
Native extension for WindowsStandalone target not found
Native extension for OSXStandalone target not found
Native extension for WebGL target not found
Refreshing native plugins compatible for Editor in 0.49 ms, found 9 plugins.
Preloading 2 native plugins for Editor in 0.14 ms.
NullReferenceException: Object reference not set to an instance of an object
  at Unity.XR.Oculus.OculusLoader.AssetPathToAbsolutePath (System.String assetPath) [0x0004c] in C:\Users\andre\Documents\Tesi_VR\Library\PackageCache\com.unity.xr.oculus@1.9.0\Runtime\OculusLoader.cs:249 
  at Unity.XR.Oculus.OculusLoader.EditorLoadOVRPlugin () [0x000b0] in C:\Users\andre\Documents\Tesi_VR\Library\PackageCache\com.unity.xr.oculus@1.9.0\Runtime\OculusLoader.cs:234 

(Filename: C:/Users/andre/Documents/Tesi_VR/Library/PackageCache/com.unity.xr.oculus@1.9.0/Runtime/OculusLoader.cs Line: 249)

Mono: successfully reloaded assembly
- Completed reload, in  1.008 seconds
Platform modules already initialized, skipping
========================================================================
Worker process is ready to serve import requests
Launched and connected shader compiler UnityShaderCompiler.exe after 0.03 seconds
Refreshing native plugins compatible for Editor in 0.50 ms, found 9 plugins.
Preloading 2 native plugins for Editor in 0.15 ms.
Unloading 1576 Unused Serialized files (Serialized files now loaded: 0)
System memory in use before: 70.3 MB.
System memory in use after: 45.7 MB.

Unloading 11 unused Assets to reduce memory usage. Loaded Objects now: 2019.
Total: 2.132900 ms (FindLiveObjects: 0.145100 ms CreateObjectMapping: 0.050000 ms MarkObjects: 1.885300 ms  DeleteObjects: 0.051800 ms)

========================================================================
Received Import Request.
  path: Assets
  artifactKey: Guid(00000000000000001000000000000000) Importer(815301076,1909f56bfc062723c751e8b465ee728b)
Start importing Assets using Guid(00000000000000001000000000000000) Importer(815301076,1909f56bfc062723c751e8b465ee728b)  -> (artifact id: '42d402b061de3733987d63b9cc3b64de') in 0.005919 seconds
  Import took 0.008096 seconds .

========================================================================
Received Import Request.
  Time since last request: 2.121115 seconds.
  path: Assets
  artifactKey: Guid(00000000000000001000000000000000) Importer(815301076,1909f56bfc062723c751e8b465ee728b)
Start importing Assets using Guid(00000000000000001000000000000000) Importer(815301076,1909f56bfc062723c751e8b465ee728b)  -> (artifact id: '42d402b061de3733987d63b9cc3b64de') in 0.002303 seconds
  Import took 0.006166 seconds .

========================================================================
Received Prepare
Registering precompiled user dll's ...
Registered in 0.006491 seconds.
Begin MonoManager ReloadAssembly
Native extension for WindowsStandalone target not found
Native extension for OSXStandalone target not found
Native extension for WebGL target not found
Refreshing native plugins compatible for Editor in 0.56 ms, found 9 plugins.
Preloading 2 native plugins for Editor in 0.17 ms.
NullReferenceException: Object reference not set to an instance of an object
  at Unity.XR.Oculus.OculusLoader.AssetPathToAbsolutePath (System.String assetPath) [0x0004c] in C:\Users\andre\Documents\Tesi_VR\Library\PackageCache\com.unity.xr.oculus@1.9.0\Runtime\OculusLoader.cs:249 
  at Unity.XR.Oculus.OculusLoader.EditorLoadOVRPlugin () [0x000b0] in C:\Users\andre\Documents\Tesi_VR\Library\PackageCache\com.unity.xr.oculus@1.9.0\Runtime\OculusLoader.cs:234 

(Filename: C:/Users/andre/Documents/Tesi_VR/Library/PackageCache/com.unity.xr.oculus@1.9.0/Runtime/OculusLoader.cs Line: 249)

Mono: successfully reloaded assembly
- Completed reload, in  0.835 seconds
Platform modules already initialized, skipping
Refreshing native plugins compatible for Editor in 0.64 ms, found 9 plugins.
Preloading 2 native plugins for Editor in 0.16 ms.
Unloading 1545 Unused Serialized files (Serialized files now loaded: 0)
System memory in use before: 69.4 MB.
System memory in use after: 69.5 MB.

Unloading 6 unused Assets to reduce memory usage. Loaded Objects now: 2029.
Total: 1.617900 ms (FindLiveObjects: 0.146000 ms CreateObjectMapping: 0.045400 ms MarkObjects: 1.415000 ms  DeleteObjects: 0.010200 ms)

========================================================================
Received Import Request.
  Time since last request: 8.337684 seconds.
  path: Assets/1670.jpg
  artifactKey: Guid(03bba4d22eb43f04ebdae3b73b48bbab) Importer(815301076,1909f56bfc062723c751e8b465ee728b)
Start importing Assets/1670.jpg using Guid(03bba4d22eb43f04ebdae3b73b48bbab) Importer(815301076,1909f56bfc062723c751e8b465ee728b)  -> (artifact id: '8ec7139fab412405c35a2a9c8ebea8cb') in 0.076797 seconds
  Import took 0.078991 seconds .

========================================================================
Received Import Request.
  Time since last request: 4.337223 seconds.
  path: Assets/Scenes/FlatScreen.unity
  artifactKey: Guid(5382f50bc5ea2d647b73c288fc4901ef) Importer(815301076,1909f56bfc062723c751e8b465ee728b)
Start importing Assets/Scenes/FlatScreen.unity using Guid(5382f50bc5ea2d647b73c288fc4901ef) Importer(815301076,1909f56bfc062723c751e8b465ee728b)  -> (artifact id: 'a0a263bfcb5282c573a86558f15d7b1f') in 0.006192 seconds
  Import took 0.008511 seconds .

========================================================================
Received Import Request.
  Time since last request: 19.737019 seconds.
  path: Assets/Scenes/Projector1.unity
  artifactKey: Guid(3fc1d756e9d91794a8d441dbd9b89c87) Importer(815301076,1909f56bfc062723c751e8b465ee728b)
Start importing Assets/Scenes/Projector1.unity using Guid(3fc1d756e9d91794a8d441dbd9b89c87) Importer(815301076,1909f56bfc062723c751e8b465ee728b)  -> (artifact id: '2e901125b8b42d14f962598210520a09') in 0.005689 seconds
  Import took 0.008139 seconds .

========================================================================
Received Prepare
Registering precompiled user dll's ...
Registered in 0.004643 seconds.
Begin MonoManager ReloadAssembly
Native extension for WindowsStandalone target not found
Native extension for OSXStandalone target not found
Native extension for WebGL target not found
Refreshing native plugins compatible for Editor in 0.43 ms, found 9 plugins.
Preloading 2 native plugins for Editor in 0.11 ms.
NullReferenceException: Object reference not set to an instance of an object
  at Unity.XR.Oculus.OculusLoader.AssetPathToAbsolutePath (System.String assetPath) [0x0004c] in C:\Users\andre\Documents\Tesi_VR\Library\PackageCache\com.unity.xr.oculus@1.9.0\Runtime\OculusLoader.cs:249 
  at Unity.XR.Oculus.OculusLoader.EditorLoadOVRPlugin () [0x000b0] in C:\Users\andre\Documents\Tesi_VR\Library\PackageCache\com.unity.xr.oculus@1.9.0\Runtime\OculusLoader.cs:234 

(Filename: C:/Users/andre/Documents/Tesi_VR/Library/PackageCache/com.unity.xr.oculus@1.9.0/Runtime/OculusLoader.cs Line: 249)

Mono: successfully reloaded assembly
- Completed reload, in  0.816 seconds
Platform modules already initialized, skipping
Refreshing native plugins compatible for Editor in 0.50 ms, found 9 plugins.
Preloading 2 native plugins for Editor in 0.13 ms.
Unloading 1545 Unused Serialized files (Serialized files now loaded: 0)
System memory in use before: 69.5 MB.
System memory in use after: 69.6 MB.

Unloading 6 unused Assets to reduce memory usage. Loaded Objects now: 2035.
Total: 1.590500 ms (FindLiveObjects: 0.148300 ms CreateObjectMapping: 0.055200 ms MarkObjects: 1.374500 ms  DeleteObjects: 0.011600 ms)

AssetImportWorkerClient::OnTransportError - code=2 error=End of file
